2023-10-04T14:58:12.539+05:30  INFO 19576 --- [main] com.GardenApplicationTests               : Starting GardenApplicationTests using Java 17.0.6 with PID 19576 (started by SSP in C:\WORKSPACE\GARDEN\BackEnd\garden)
2023-10-04T14:58:12.541+05:30  INFO 19576 --- [main] com.GardenApplicationTests               : No active profile set, falling back to 1 default profile: "default"
2023-10-04T14:58:14.327+05:30  INFO 19576 --- [main] .s.d.r.c.RepositoryConfigurationDelegate : Bootstrapping Spring Data JPA repositories in DEFAULT mode.
2023-10-04T14:58:14.566+05:30  INFO 19576 --- [main] .s.d.r.c.RepositoryConfigurationDelegate : Finished Spring Data repository scanning in 229 ms. Found 3 JPA repository interfaces.
2023-10-04T14:58:15.236+05:30  INFO 19576 --- [main] o.hibernate.jpa.internal.util.LogHelper  : HHH000204: Processing PersistenceUnitInfo [name: default]
2023-10-04T14:58:15.291+05:30  INFO 19576 --- [main] org.hibernate.Version                    : HHH000412: Hibernate ORM core version 6.2.9.Final
2023-10-04T14:58:15.295+05:30  INFO 19576 --- [main] org.hibernate.cfg.Environment            : HHH000406: Using bytecode reflection optimizer
2023-10-04T14:58:15.517+05:30  INFO 19576 --- [main] o.h.b.i.BytecodeProviderInitiator        : HHH000021: Bytecode provider name : bytebuddy
2023-10-04T14:58:15.642+05:30  INFO 19576 --- [main] o.s.o.j.p.SpringPersistenceUnitInfo      : No LoadTimeWeaver setup: ignoring JPA class transformer
2023-10-04T14:58:15.660+05:30  INFO 19576 --- [main] com.zaxxer.hikari.HikariDataSource       : HikariPool-1 - Starting...
2023-10-04T14:58:15.997+05:30  INFO 19576 --- [main] com.zaxxer.hikari.pool.HikariPool        : HikariPool-1 - Added connection com.mysql.cj.jdbc.ConnectionImpl@619dc070
2023-10-04T14:58:16.000+05:30  INFO 19576 --- [main] com.zaxxer.hikari.HikariDataSource       : HikariPool-1 - Start completed.
2023-10-04T14:58:16.049+05:30  WARN 19576 --- [main] org.hibernate.orm.deprecation            : HHH90000026: MySQL8Dialect has been deprecated; use org.hibernate.dialect.MySQLDialect instead
2023-10-04T14:58:16.318+05:30  INFO 19576 --- [main] o.h.b.i.BytecodeProviderInitiator        : HHH000021: Bytecode provider name : bytebuddy
2023-10-04T14:58:16.912+05:30  INFO 19576 --- [main] o.h.e.t.j.p.i.JtaPlatformInitiator       : HHH000490: Using JtaPlatform implementation: [org.hibernate.engine.transaction.jta.platform.internal.NoJtaPlatform]
2023-10-04T14:58:16.972+05:30  INFO 19576 --- [main] j.LocalContainerEntityManagerFactoryBean : Initialized JPA EntityManagerFactory for persistence unit 'default'
2023-10-04T14:58:17.717+05:30  WARN 19576 --- [main] JpaBaseConfiguration$JpaWebConfiguration : spring.jpa.open-in-view is enabled by default. Therefore, database queries may be performed during view rendering. Explicitly configure spring.jpa.open-in-view to disable this warning
2023-10-04T14:58:17.913+05:30  INFO 19576 --- [main] o.s.s.web.DefaultSecurityFilterChain     : Will secure any request with [org.springframework.security.web.session.DisableEncodeUrlFilter@5e5e680b, org.springframework.security.web.context.request.async.WebAsyncManagerIntegrationFilter@cf825e8, org.springframework.security.web.context.SecurityContextHolderFilter@5f25b34d, org.springframework.security.web.header.HeaderWriterFilter@2e7bcd52, org.springframework.web.filter.CorsFilter@320684cd, org.springframework.security.web.authentication.logout.LogoutFilter@1df19e91, com.config.JwtAuthenticationFilter@1b18f38f, org.springframework.security.web.savedrequest.RequestCacheAwareFilter@42000b02, org.springframework.security.web.servletapi.SecurityContextHolderAwareRequestFilter@1cbb101b, org.springframework.security.web.authentication.AnonymousAuthenticationFilter@687dc7e6, org.springframework.security.web.session.SessionManagementFilter@4967d14c, org.springframework.security.web.access.ExceptionTranslationFilter@76639714, org.springframework.security.web.access.intercept.AuthorizationFilter@51e0629a]
2023-10-04T14:58:18.841+05:30  INFO 19576 --- [main] o.s.b.a.e.web.EndpointLinksResolver      : Exposing 1 endpoint(s) beneath base path '/actuator'
2023-10-04T14:58:18.967+05:30  INFO 19576 --- [main] com.GardenApplicationTests               : Started GardenApplicationTests in 6.724 seconds (process running for 7.735)
2023-10-04T14:58:19.756+05:30  INFO 19576 --- [SpringApplicationShutdownHook] j.LocalContainerEntityManagerFactoryBean : Closing JPA EntityManagerFactory for persistence unit 'default'
2023-10-04T14:58:19.760+05:30  INFO 19576 --- [SpringApplicationShutdownHook] com.zaxxer.hikari.HikariDataSource       : HikariPool-1 - Shutdown initiated...
2023-10-04T14:58:19.770+05:30  INFO 19576 --- [SpringApplicationShutdownHook] com.zaxxer.hikari.HikariDataSource       : HikariPool-1 - Shutdown completed.
2023-10-04T14:58:42.834+05:30  INFO 6788 --- [restartedMain] com.GardenApplication                    : Starting GardenApplication using Java 17.0.6 with PID 6788 (C:\WORKSPACE\GARDEN\BackEnd\garden\target\classes started by SSP in C:\WORKSPACE\GARDEN\BackEnd\garden)
2023-10-04T14:58:42.836+05:30  INFO 6788 --- [restartedMain] com.GardenApplication                    : No active profile set, falling back to 1 default profile: "default"
2023-10-04T14:58:42.883+05:30  INFO 6788 --- [restartedMain] .e.DevToolsPropertyDefaultsPostProcessor : Devtools property defaults active! Set 'spring.devtools.add-properties' to 'false' to disable
2023-10-04T14:58:42.884+05:30  INFO 6788 --- [restartedMain] .e.DevToolsPropertyDefaultsPostProcessor : For additional web related logging consider setting the 'logging.level.web' property to 'DEBUG'
2023-10-04T14:58:43.958+05:30  INFO 6788 --- [restartedMain] .s.d.r.c.RepositoryConfigurationDelegate : Bootstrapping Spring Data JPA repositories in DEFAULT mode.
2023-10-04T14:58:44.172+05:30  INFO 6788 --- [restartedMain] .s.d.r.c.RepositoryConfigurationDelegate : Finished Spring Data repository scanning in 207 ms. Found 3 JPA repository interfaces.
2023-10-04T14:58:44.648+05:30  INFO 6788 --- [restartedMain] o.s.b.w.embedded.tomcat.TomcatWebServer  : Tomcat initialized with port(s): 8181 (http)
2023-10-04T14:58:44.655+05:30  INFO 6788 --- [restartedMain] o.apache.catalina.core.StandardService   : Starting service [Tomcat]
2023-10-04T14:58:44.656+05:30  INFO 6788 --- [restartedMain] o.apache.catalina.core.StandardEngine    : Starting Servlet engine: [Apache Tomcat/10.1.13]
2023-10-04T14:58:44.708+05:30  INFO 6788 --- [restartedMain] o.a.c.c.C.[Tomcat].[localhost].[/]       : Initializing Spring embedded WebApplicationContext
2023-10-04T14:58:44.709+05:30  INFO 6788 --- [restartedMain] w.s.c.ServletWebServerApplicationContext : Root WebApplicationContext: initialization completed in 1825 ms
2023-10-04T14:58:44.924+05:30  INFO 6788 --- [restartedMain] o.hibernate.jpa.internal.util.LogHelper  : HHH000204: Processing PersistenceUnitInfo [name: default]
2023-10-04T14:58:44.965+05:30  INFO 6788 --- [restartedMain] org.hibernate.Version                    : HHH000412: Hibernate ORM core version 6.2.9.Final
2023-10-04T14:58:44.968+05:30  INFO 6788 --- [restartedMain] org.hibernate.cfg.Environment            : HHH000406: Using bytecode reflection optimizer
2023-10-04T14:58:45.070+05:30  INFO 6788 --- [restartedMain] o.h.b.i.BytecodeProviderInitiator        : HHH000021: Bytecode provider name : bytebuddy
2023-10-04T14:58:45.158+05:30  INFO 6788 --- [restartedMain] o.s.o.j.p.SpringPersistenceUnitInfo      : No LoadTimeWeaver setup: ignoring JPA class transformer
2023-10-04T14:58:45.172+05:30  INFO 6788 --- [restartedMain] com.zaxxer.hikari.HikariDataSource       : HikariPool-1 - Starting...
2023-10-04T14:58:45.428+05:30  INFO 6788 --- [restartedMain] com.zaxxer.hikari.pool.HikariPool        : HikariPool-1 - Added connection com.mysql.cj.jdbc.ConnectionImpl@fd7bf10
2023-10-04T14:58:45.430+05:30  INFO 6788 --- [restartedMain] com.zaxxer.hikari.HikariDataSource       : HikariPool-1 - Start completed.
2023-10-04T14:58:45.470+05:30  WARN 6788 --- [restartedMain] org.hibernate.orm.deprecation            : HHH90000026: MySQL8Dialect has been deprecated; use org.hibernate.dialect.MySQLDialect instead
2023-10-04T14:58:45.652+05:30  INFO 6788 --- [restartedMain] o.h.b.i.BytecodeProviderInitiator        : HHH000021: Bytecode provider name : bytebuddy
2023-10-04T14:58:46.159+05:30  INFO 6788 --- [restartedMain] o.h.e.t.j.p.i.JtaPlatformInitiator       : HHH000490: Using JtaPlatform implementation: [org.hibernate.engine.transaction.jta.platform.internal.NoJtaPlatform]
2023-10-04T14:58:46.206+05:30  INFO 6788 --- [restartedMain] j.LocalContainerEntityManagerFactoryBean : Initialized JPA EntityManagerFactory for persistence unit 'default'
2023-10-04T14:58:46.652+05:30  WARN 6788 --- [restartedMain] JpaBaseConfiguration$JpaWebConfiguration : spring.jpa.open-in-view is enabled by default. Therefore, database queries may be performed during view rendering. Explicitly configure spring.jpa.open-in-view to disable this warning
2023-10-04T14:58:47.010+05:30  INFO 6788 --- [restartedMain] o.s.b.a.e.web.EndpointLinksResolver      : Exposing 1 endpoint(s) beneath base path '/actuator'
2023-10-04T14:58:47.055+05:30  INFO 6788 --- [restartedMain] o.s.s.web.DefaultSecurityFilterChain     : Will secure any request with [org.springframework.security.web.session.DisableEncodeUrlFilter@7eaffef1, org.springframework.security.web.context.request.async.WebAsyncManagerIntegrationFilter@5aaef100, org.springframework.security.web.context.SecurityContextHolderFilter@6f439455, org.springframework.security.web.header.HeaderWriterFilter@55d14b4b, org.springframework.web.filter.CorsFilter@6b54d392, org.springframework.security.web.authentication.logout.LogoutFilter@5b584588, com.config.JwtAuthenticationFilter@31ec3f2f, org.springframework.security.web.savedrequest.RequestCacheAwareFilter@7f42019c, org.springframework.security.web.servletapi.SecurityContextHolderAwareRequestFilter@1ff42000, org.springframework.security.web.authentication.AnonymousAuthenticationFilter@4e595fec, org.springframework.security.web.session.SessionManagementFilter@2ee83ff2, org.springframework.security.web.access.ExceptionTranslationFilter@1b4f2798, org.springframework.security.web.access.intercept.AuthorizationFilter@49cdbd11]
2023-10-04T14:58:47.377+05:30  INFO 6788 --- [restartedMain] o.s.b.d.a.OptionalLiveReloadServer       : LiveReload server is running on port 35729
2023-10-04T14:58:47.470+05:30  INFO 6788 --- [restartedMain] o.s.b.w.embedded.tomcat.TomcatWebServer  : Tomcat started on port(s): 8181 (http) with context path ''
2023-10-04T14:58:47.488+05:30  INFO 6788 --- [restartedMain] com.GardenApplication                    : Started GardenApplication in 4.954 seconds (process running for 5.54)
2023-10-04T14:58:48.097+05:30  INFO 6788 --- [RMI TCP Connection(9)-127.0.0.1] o.a.c.c.C.[Tomcat].[localhost].[/]       : Initializing Spring DispatcherServlet 'dispatcherServlet'
2023-10-04T14:58:48.098+05:30  INFO 6788 --- [RMI TCP Connection(9)-127.0.0.1] o.s.web.servlet.DispatcherServlet        : Initializing Servlet 'dispatcherServlet'
2023-10-04T14:58:48.099+05:30  INFO 6788 --- [RMI TCP Connection(9)-127.0.0.1] o.s.web.servlet.DispatcherServlet        : Completed initialization in 1 ms
2023-10-04T15:01:31.138+05:30 DEBUG 6788 --- [http-nio-8181-exec-4] o.s.security.web.FilterChainProxy        : Securing POST /user/post
2023-10-04T15:01:31.150+05:30 DEBUG 6788 --- [http-nio-8181-exec-4] o.s.s.w.a.AnonymousAuthenticationFilter  : Set SecurityContextHolder to anonymous SecurityContext
2023-10-04T15:01:31.160+05:30 DEBUG 6788 --- [http-nio-8181-exec-4] o.s.s.w.a.Http403ForbiddenEntryPoint     : Pre-authenticated entry point called. Rejecting access
2023-10-04T15:01:31.166+05:30 DEBUG 6788 --- [http-nio-8181-exec-4] o.s.security.web.FilterChainProxy        : Securing POST /error
2023-10-04T15:01:31.170+05:30 DEBUG 6788 --- [http-nio-8181-exec-4] o.s.s.w.a.AnonymousAuthenticationFilter  : Set SecurityContextHolder to anonymous SecurityContext
2023-10-04T15:01:31.171+05:30 DEBUG 6788 --- [http-nio-8181-exec-4] o.s.s.w.a.Http403ForbiddenEntryPoint     : Pre-authenticated entry point called. Rejecting access
2023-10-04T15:23:00.867+05:30  INFO 6788 --- [File Watcher] rtingClassPathChangeChangedEventListener : Restarting due to 1 class path change (0 additions, 0 deletions, 1 modification)
2023-10-04T15:23:00.956+05:30  INFO 6788 --- [Thread-5] o.apache.catalina.core.StandardService   : Stopping service [Tomcat]
2023-10-04T15:23:00.960+05:30  INFO 6788 --- [Thread-5] o.a.c.c.C.[Tomcat].[localhost].[/]       : Destroying Spring FrameworkServlet 'dispatcherServlet'
2023-10-04T15:23:00.973+05:30  WARN 6788 --- [Thread-5] o.a.c.loader.WebappClassLoaderBase       : The web application [ROOT] appears to have started a thread named [HikariPool-1 housekeeper] but has failed to stop it. This is very likely to create a memory leak. Stack trace of thread:
 java.base@17.0.6/jdk.internal.misc.Unsafe.park(Native Method)
 java.base@17.0.6/java.util.concurrent.locks.LockSupport.parkNanos(LockSupport.java:252)
 java.base@17.0.6/java.util.concurrent.locks.AbstractQueuedSynchronizer$ConditionObject.awaitNanos(AbstractQueuedSynchronizer.java:1672)
 java.base@17.0.6/java.util.concurrent.ScheduledThreadPoolExecutor$DelayedWorkQueue.take(ScheduledThreadPoolExecutor.java:1182)
 java.base@17.0.6/java.util.concurrent.ScheduledThreadPoolExecutor$DelayedWorkQueue.take(ScheduledThreadPoolExecutor.java:899)
 java.base@17.0.6/java.util.concurrent.ThreadPoolExecutor.getTask(ThreadPoolExecutor.java:1062)
 java.base@17.0.6/java.util.concurrent.ThreadPoolExecutor.runWorker(ThreadPoolExecutor.java:1122)
 java.base@17.0.6/java.util.concurrent.ThreadPoolExecutor$Worker.run(ThreadPoolExecutor.java:635)
 java.base@17.0.6/java.lang.Thread.run(Thread.java:833)
2023-10-04T15:23:00.989+05:30  INFO 6788 --- [Thread-5] j.LocalContainerEntityManagerFactoryBean : Closing JPA EntityManagerFactory for persistence unit 'default'
2023-10-04T15:23:01.017+05:30  INFO 6788 --- [Thread-5] com.zaxxer.hikari.HikariDataSource       : HikariPool-1 - Shutdown initiated...
2023-10-04T15:23:01.398+05:30  INFO 6788 --- [Thread-5] com.zaxxer.hikari.HikariDataSource       : HikariPool-1 - Shutdown completed.
2023-10-04T15:23:01.648+05:30  INFO 6788 --- [restartedMain] com.GardenApplication                    : Starting GardenApplication using Java 17.0.6 with PID 6788 (C:\WORKSPACE\GARDEN\BackEnd\garden\target\classes started by SSP in C:\WORKSPACE\GARDEN\BackEnd\garden)
2023-10-04T15:23:01.648+05:30  INFO 6788 --- [restartedMain] com.GardenApplication                    : No active profile set, falling back to 1 default profile: "default"
2023-10-04T15:23:02.384+05:30  INFO 6788 --- [restartedMain] .s.d.r.c.RepositoryConfigurationDelegate : Bootstrapping Spring Data JPA repositories in DEFAULT mode.
2023-10-04T15:23:02.540+05:30  INFO 6788 --- [restartedMain] .s.d.r.c.RepositoryConfigurationDelegate : Finished Spring Data repository scanning in 156 ms. Found 3 JPA repository interfaces.
2023-10-04T15:23:02.652+05:30  INFO 6788 --- [restartedMain] o.s.b.w.embedded.tomcat.TomcatWebServer  : Tomcat initialized with port(s): 8181 (http)
2023-10-04T15:23:02.652+05:30  INFO 6788 --- [restartedMain] o.apache.catalina.core.StandardService   : Starting service [Tomcat]
2023-10-04T15:23:02.653+05:30  INFO 6788 --- [restartedMain] o.apache.catalina.core.StandardEngine    : Starting Servlet engine: [Apache Tomcat/10.1.13]
2023-10-04T15:23:02.667+05:30  INFO 6788 --- [restartedMain] o.a.c.c.C.[Tomcat].[localhost].[/]       : Initializing Spring embedded WebApplicationContext
2023-10-04T15:23:02.667+05:30  INFO 6788 --- [restartedMain] w.s.c.ServletWebServerApplicationContext : Root WebApplicationContext: initialization completed in 1017 ms
2023-10-04T15:23:02.757+05:30  INFO 6788 --- [restartedMain] o.hibernate.jpa.internal.util.LogHelper  : HHH000204: Processing PersistenceUnitInfo [name: default]
2023-10-04T15:23:02.771+05:30  INFO 6788 --- [restartedMain] o.h.b.i.BytecodeProviderInitiator        : HHH000021: Bytecode provider name : bytebuddy
2023-10-04T15:23:02.771+05:30  INFO 6788 --- [restartedMain] o.s.o.j.p.SpringPersistenceUnitInfo      : No LoadTimeWeaver setup: ignoring JPA class transformer
2023-10-04T15:23:02.772+05:30  INFO 6788 --- [restartedMain] com.zaxxer.hikari.HikariDataSource       : HikariPool-2 - Starting...
2023-10-04T15:23:02.805+05:30  INFO 6788 --- [restartedMain] com.zaxxer.hikari.pool.HikariPool        : HikariPool-2 - Added connection com.mysql.cj.jdbc.ConnectionImpl@53f31b1a
2023-10-04T15:23:02.805+05:30  INFO 6788 --- [restartedMain] com.zaxxer.hikari.HikariDataSource       : HikariPool-2 - Start completed.
2023-10-04T15:23:02.806+05:30  WARN 6788 --- [restartedMain] org.hibernate.orm.deprecation            : HHH90000026: MySQL8Dialect has been deprecated; use org.hibernate.dialect.MySQLDialect instead
2023-10-04T15:23:02.831+05:30  INFO 6788 --- [restartedMain] o.h.b.i.BytecodeProviderInitiator        : HHH000021: Bytecode provider name : bytebuddy
2023-10-04T15:23:02.880+05:30  INFO 6788 --- [restartedMain] o.h.e.t.j.p.i.JtaPlatformInitiator       : HHH000490: Using JtaPlatform implementation: [org.hibernate.engine.transaction.jta.platform.internal.NoJtaPlatform]
2023-10-04T15:23:02.918+05:30  INFO 6788 --- [restartedMain] j.LocalContainerEntityManagerFactoryBean : Initialized JPA EntityManagerFactory for persistence unit 'default'
2023-10-04T15:23:03.105+05:30  WARN 6788 --- [restartedMain] JpaBaseConfiguration$JpaWebConfiguration : spring.jpa.open-in-view is enabled by default. Therefore, database queries may be performed during view rendering. Explicitly configure spring.jpa.open-in-view to disable this warning
2023-10-04T15:23:03.275+05:30  INFO 6788 --- [restartedMain] o.s.b.a.e.web.EndpointLinksResolver      : Exposing 1 endpoint(s) beneath base path '/actuator'
2023-10-04T15:23:03.300+05:30  INFO 6788 --- [restartedMain] o.s.s.web.DefaultSecurityFilterChain     : Will secure any request with [org.springframework.security.web.session.DisableEncodeUrlFilter@28b0077d, org.springframework.security.web.context.request.async.WebAsyncManagerIntegrationFilter@bdf01e4, org.springframework.security.web.context.SecurityContextHolderFilter@2f1f1d0e, org.springframework.security.web.header.HeaderWriterFilter@27e6e04d, org.springframework.web.filter.CorsFilter@1dd8e607, org.springframework.security.web.authentication.logout.LogoutFilter@2260d93f, com.config.JwtAuthenticationFilter@4333da03, org.springframework.security.web.savedrequest.RequestCacheAwareFilter@7737c9ca, org.springframework.security.web.servletapi.SecurityContextHolderAwareRequestFilter@67c3abe9, org.springframework.security.web.authentication.AnonymousAuthenticationFilter@43bc346b, org.springframework.security.web.session.SessionManagementFilter@7e4d9b9e, org.springframework.security.web.access.ExceptionTranslationFilter@1cf88116, org.springframework.security.web.access.intercept.AuthorizationFilter@42e39b2c]
2023-10-04T15:23:03.420+05:30  INFO 6788 --- [restartedMain] o.s.b.d.a.OptionalLiveReloadServer       : LiveReload server is running on port 35729
2023-10-04T15:23:03.436+05:30  INFO 6788 --- [restartedMain] o.s.b.w.embedded.tomcat.TomcatWebServer  : Tomcat started on port(s): 8181 (http) with context path ''
2023-10-04T15:23:03.448+05:30  INFO 6788 --- [restartedMain] com.GardenApplication                    : Started GardenApplication in 1.823 seconds (process running for 1461.5)
2023-10-04T15:23:03.454+05:30  INFO 6788 --- [restartedMain] .ConditionEvaluationDeltaLoggingListener : Condition evaluation unchanged
2023-10-04T15:29:14.154+05:30  INFO 6788 --- [http-nio-8181-exec-2] o.a.c.c.C.[Tomcat].[localhost].[/]       : Initializing Spring DispatcherServlet 'dispatcherServlet'
2023-10-04T15:29:14.154+05:30  INFO 6788 --- [http-nio-8181-exec-2] o.s.web.servlet.DispatcherServlet        : Initializing Servlet 'dispatcherServlet'
2023-10-04T15:29:14.156+05:30  INFO 6788 --- [http-nio-8181-exec-2] o.s.web.servlet.DispatcherServlet        : Completed initialization in 2 ms
2023-10-04T15:29:14.157+05:30 DEBUG 6788 --- [http-nio-8181-exec-2] o.s.security.web.FilterChainProxy        : Securing GET /Api.CUSTOMER
2023-10-04T15:29:14.157+05:30 DEBUG 6788 --- [http-nio-8181-exec-2] o.s.s.w.a.AnonymousAuthenticationFilter  : Set SecurityContextHolder to anonymous SecurityContext
2023-10-04T15:29:14.164+05:30 DEBUG 6788 --- [http-nio-8181-exec-2] o.s.s.w.a.Http403ForbiddenEntryPoint     : Pre-authenticated entry point called. Rejecting access
2023-10-04T15:29:14.166+05:30 DEBUG 6788 --- [http-nio-8181-exec-2] o.s.security.web.FilterChainProxy        : Securing GET /error
2023-10-04T15:29:14.167+05:30 DEBUG 6788 --- [http-nio-8181-exec-2] o.s.s.w.a.AnonymousAuthenticationFilter  : Set SecurityContextHolder to anonymous SecurityContext
2023-10-04T15:29:14.167+05:30 DEBUG 6788 --- [http-nio-8181-exec-2] o.s.s.w.a.Http403ForbiddenEntryPoint     : Pre-authenticated entry point called. Rejecting access
2023-10-04T15:29:32.629+05:30 DEBUG 6788 --- [http-nio-8181-exec-3] o.s.security.web.FilterChainProxy        : Securing GET /user
2023-10-04T15:29:32.630+05:30 DEBUG 6788 --- [http-nio-8181-exec-3] o.s.s.w.a.AnonymousAuthenticationFilter  : Set SecurityContextHolder to anonymous SecurityContext
2023-10-04T15:29:32.632+05:30 DEBUG 6788 --- [http-nio-8181-exec-3] o.s.s.w.a.Http403ForbiddenEntryPoint     : Pre-authenticated entry point called. Rejecting access
2023-10-04T15:29:32.633+05:30 DEBUG 6788 --- [http-nio-8181-exec-3] o.s.security.web.FilterChainProxy        : Securing GET /error
2023-10-04T15:29:32.635+05:30 DEBUG 6788 --- [http-nio-8181-exec-3] o.s.s.w.a.AnonymousAuthenticationFilter  : Set SecurityContextHolder to anonymous SecurityContext
2023-10-04T15:29:32.636+05:30 DEBUG 6788 --- [http-nio-8181-exec-3] o.s.s.w.a.Http403ForbiddenEntryPoint     : Pre-authenticated entry point called. Rejecting access
2023-10-04T15:58:24.577+05:30  INFO 6788 --- [RMI TCP Connection(81)-127.0.0.1] inMXBeanRegistrar$SpringApplicationAdmin : Application shutdown requested.
2023-10-04T15:58:24.596+05:30  INFO 6788 --- [RMI TCP Connection(81)-127.0.0.1] o.apache.catalina.core.StandardService   : Stopping service [Tomcat]
2023-10-04T15:58:24.597+05:30  INFO 6788 --- [RMI TCP Connection(81)-127.0.0.1] o.a.c.c.C.[Tomcat].[localhost].[/]       : Destroying Spring FrameworkServlet 'dispatcherServlet'
2023-10-04T15:58:24.599+05:30  WARN 6788 --- [RMI TCP Connection(81)-127.0.0.1] o.a.c.loader.WebappClassLoaderBase       : The web application [ROOT] appears to have started a thread named [HikariPool-2 housekeeper] but has failed to stop it. This is very likely to create a memory leak. Stack trace of thread:
 java.base@17.0.6/jdk.internal.misc.Unsafe.park(Native Method)
 java.base@17.0.6/java.util.concurrent.locks.LockSupport.parkNanos(LockSupport.java:252)
 java.base@17.0.6/java.util.concurrent.locks.AbstractQueuedSynchronizer$ConditionObject.awaitNanos(AbstractQueuedSynchronizer.java:1672)
 java.base@17.0.6/java.util.concurrent.ScheduledThreadPoolExecutor$DelayedWorkQueue.take(ScheduledThreadPoolExecutor.java:1182)
 java.base@17.0.6/java.util.concurrent.ScheduledThreadPoolExecutor$DelayedWorkQueue.take(ScheduledThreadPoolExecutor.java:899)
 java.base@17.0.6/java.util.concurrent.ThreadPoolExecutor.getTask(ThreadPoolExecutor.java:1062)
 java.base@17.0.6/java.util.concurrent.ThreadPoolExecutor.runWorker(ThreadPoolExecutor.java:1122)
 java.base@17.0.6/java.util.concurrent.ThreadPoolExecutor$Worker.run(ThreadPoolExecutor.java:635)
 java.base@17.0.6/java.lang.Thread.run(Thread.java:833)
2023-10-04T15:58:24.605+05:30  INFO 6788 --- [RMI TCP Connection(81)-127.0.0.1] j.LocalContainerEntityManagerFactoryBean : Closing JPA EntityManagerFactory for persistence unit 'default'
2023-10-04T15:58:24.606+05:30  INFO 6788 --- [RMI TCP Connection(81)-127.0.0.1] com.zaxxer.hikari.HikariDataSource       : HikariPool-2 - Shutdown initiated...
2023-10-04T15:58:24.612+05:30  INFO 6788 --- [RMI TCP Connection(81)-127.0.0.1] com.zaxxer.hikari.HikariDataSource       : HikariPool-2 - Shutdown completed.
